# JRE version: OpenJDK Runtime Environment (21.0.6+7) (build 21.0.6+7-Ubuntu-124.04.1)
# Java VM: OpenJDK 64-Bit Server VM (21.0.6+7-Ubuntu-124.04.1, mixed mode, emulated-client, sharing, tiered, compressed oops, compressed class ptrs, g1 gc, linux-amd64)
GC Precious Log:
 CardTable entry size: 512
 Card Set container configuration: InlinePtr #cards 4 size 8 Array Of Cards #cards 32 size 80 Howl #buckets 8 coarsen threshold 7372 Howl Bitmap #cards 1024 size 144 coarsen threshold 921 Card regions per heap region 1 cards per card region 8192
 CPUs: 4 total, 4 available
 Memory: 17921M
 Large Page Support: Disabled
 NUMA Support: Disabled
 Compressed Oops: Enabled (Zero based)
 Heap Region Size: 4M
 Heap Min Capacity: 8M
 Heap Initial Capacity: 284M
 Heap Max Capacity: 4484M
 Pre-touch: Disabled
 Parallel Workers: 4
 Concurrent Workers: 1
 Concurrent Refinement Workers: 4
 Periodic GC: Disabled
Heap:
 garbage-first heap   total 98304K, used 35144K [0x00000006e7c00000, 0x0000000800000000)
  region size 4096K, 3 young (12288K), 1 survivors (4096K)
 Metaspace       used 68155K, committed 69248K, reserved 1114112K
  class space    used 9581K, committed 10048K, reserved 1048576K
GC Heap History (20 events):
Event: 8,603 GC heap before
{Heap before GC invocations=10 (full 0):
 garbage-first heap   total 98304K, used 74200K [0x00000006e7c00000, 0x0000000800000000)
  region size 4096K, 14 young (57344K), 2 survivors (8192K)
 Metaspace       used 58785K, committed 59584K, reserved 1114112K
  class space    used 8212K, committed 8576K, reserved 1048576K
}
Event: 8,628 GC heap after
{Heap after GC invocations=11 (full 0):
 garbage-first heap   total 98304K, used 27874K [0x00000006e7c00000, 0x0000000800000000)
  region size 4096K, 2 young (8192K), 2 survivors (8192K)
 Metaspace       used 58785K, committed 59584K, reserved 1114112K
  class space    used 8212K, committed 8576K, reserved 1048576K
}
Event: 8,875 GC heap before
{Heap before GC invocations=11 (full 0):
 garbage-first heap   total 98304K, used 27874K [0x00000006e7c00000, 0x0000000800000000)
  region size 4096K, 3 young (12288K), 2 survivors (8192K)
 Metaspace       used 59904K, committed 60608K, reserved 1114112K
  class space    used 8371K, committed 8704K, reserved 1048576K
}
Event: 8,891 GC heap after
{Heap after GC invocations=12 (full 0):
 garbage-first heap   total 98304K, used 28070K [0x00000006e7c00000, 0x0000000800000000)
  region size 4096K, 1 young (4096K), 1 survivors (4096K)
 Metaspace       used 59904K, committed 60608K, reserved 1114112K
  class space    used 8371K, committed 8704K, reserved 1048576K
}
Event: 24,733 GC heap before
{Heap before GC invocations=13 (full 0):
 garbage-first heap   total 98304K, used 81318K [0x00000006e7c00000, 0x0000000800000000)
  region size 4096K, 14 young (57344K), 1 survivors (4096K)
 Metaspace       used 64224K, committed 65024K, reserved 1114112K
  class space    used 9039K, committed 9408K, reserved 1048576K
}
Event: 24,741 GC heap after
{Heap after GC invocations=14 (full 0):
 garbage-first heap   total 98304K, used 31429K [0x00000006e7c00000, 0x0000000800000000)
  region size 4096K, 2 young (8192K), 2 survivors (8192K)
 Metaspace       used 64224K, committed 65024K, reserved 1114112K
  class space    used 9039K, committed 9408K, reserved 1048576K
}
Event: 398,397 GC heap before
{Heap before GC invocations=14 (full 0):
 garbage-first heap   total 98304K, used 72389K [0x00000006e7c00000, 0x0000000800000000)
  region size 4096K, 13 young (53248K), 2 survivors (8192K)
 Metaspace       used 68341K, committed 69120K, reserved 1114112K
  class space    used 9627K, committed 9984K, reserved 1048576K
}
Event: 398,417 GC heap after
{Heap after GC invocations=15 (full 0):
 garbage-first heap   total 98304K, used 32720K [0x00000006e7c00000, 0x0000000800000000)
  region size 4096K, 2 young (8192K), 2 survivors (8192K)
 Metaspace       used 68341K, committed 69120K, reserved 1114112K
  class space    used 9627K, committed 9984K, reserved 1048576K
}
Event: 946,038 GC heap before
{Heap before GC invocations=15 (full 0):
 garbage-first heap   total 98304K, used 77776K [0x00000006e7c00000, 0x0000000800000000)
  region size 4096K, 13 young (53248K), 2 survivors (8192K)
 Metaspace       used 68342K, committed 69120K, reserved 1114112K
  class space    used 9627K, committed 9984K, reserved 1048576K
}
Event: 946,049 GC heap after
{Heap after GC invocations=16 (full 0):
 garbage-first heap   total 98304K, used 32142K [0x00000006e7c00000, 0x0000000800000000)
  region size 4096K, 1 young (4096K), 1 survivors (4096K)
 Metaspace       used 68342K, committed 69120K, reserved 1114112K
  class space    used 9627K, committed 9984K, reserved 1048576K
}
Event: 1551,056 GC heap before
{Heap before GC invocations=16 (full 0):
 garbage-first heap   total 98304K, used 85390K [0x00000006e7c00000, 0x0000000800000000)
  region size 4096K, 14 young (57344K), 1 survivors (4096K)
 Metaspace       used 68404K, committed 69248K, reserved 1114112K
  class space    used 9642K, committed 10048K, reserved 1048576K
}
Event: 1551,062 GC heap after
{Heap after GC invocations=17 (full 0):
 garbage-first heap   total 98304K, used 32121K [0x00000006e7c00000, 0x0000000800000000)
  region size 4096K, 1 young (4096K), 1 survivors (4096K)
 Metaspace       used 68404K, committed 69248K, reserved 1114112K
  class space    used 9642K, committed 10048K, reserved 1048576K
}
Event: 2443,344 GC heap before
{Heap before GC invocations=18 (full 0):
 garbage-first heap   total 98304K, used 85369K [0x00000006e7c00000, 0x0000000800000000)
  region size 4096K, 14 young (57344K), 1 survivors (4096K)
 Metaspace       used 68125K, committed 69248K, reserved 1114112K
  class space    used 9572K, committed 10048K, reserved 1048576K
}
Event: 2443,355 GC heap after
{Heap after GC invocations=19 (full 0):
 garbage-first heap   total 98304K, used 31936K [0x00000006e7c00000, 0x0000000800000000)
  region size 4096K, 1 young (4096K), 1 survivors (4096K)
 Metaspace       used 68125K, committed 69248K, reserved 1114112K
  class space    used 9572K, committed 10048K, reserved 1048576K
}
Event: 3705,667 GC heap before
{Heap before GC invocations=19 (full 0):
 garbage-first heap   total 98304K, used 85184K [0x00000006e7c00000, 0x0000000800000000)
  region size 4096K, 14 young (57344K), 1 survivors (4096K)
 Metaspace       used 68179K, committed 69248K, reserved 1114112K
  class space    used 9585K, committed 10048K, reserved 1048576K
}
Event: 3705,682 GC heap after
{Heap after GC invocations=20 (full 0):
 garbage-first heap   total 98304K, used 30776K [0x00000006e7c00000, 0x0000000800000000)
  region size 4096K, 1 young (4096K), 1 survivors (4096K)
 Metaspace       used 68179K, committed 69248K, reserved 1114112K
  class space    used 9585K, committed 10048K, reserved 1048576K
}
Event: 5349,821 GC heap before
{Heap before GC invocations=20 (full 0):
 garbage-first heap   total 98304K, used 84024K [0x00000006e7c00000, 0x0000000800000000)
  region size 4096K, 14 young (57344K), 1 survivors (4096K)
 Metaspace       used 68179K, committed 69248K, reserved 1114112K
  class space    used 9585K, committed 10048K, reserved 1048576K
}
Event: 5349,829 GC heap after
{Heap after GC invocations=21 (full 0):
 garbage-first heap   total 98304K, used 30605K [0x00000006e7c00000, 0x0000000800000000)
  region size 4096K, 1 young (4096K), 1 survivors (4096K)
 Metaspace       used 68179K, committed 69248K, reserved 1114112K
  class space    used 9585K, committed 10048K, reserved 1048576K
}
Event: 6503,258 GC heap before
{Heap before GC invocations=22 (full 0):
 garbage-first heap   total 98304K, used 83853K [0x00000006e7c00000, 0x0000000800000000)
  region size 4096K, 14 young (57344K), 1 survivors (4096K)
 Metaspace       used 68155K, committed 69248K, reserved 1114112K
  class space    used 9581K, committed 10048K, reserved 1048576K
}
Event: 6503,271 GC heap after
{Heap after GC invocations=23 (full 0):
 garbage-first heap   total 98304K, used 31048K [0x00000006e7c00000, 0x0000000800000000)
  region size 4096K, 1 young (4096K), 1 survivors (4096K)
 Metaspace       used 68155K, committed 69248K, reserved 1114112K
  class space    used 9581K, committed 10048K, reserved 1048576K
}

